<?xml version="1.0" encoding="UTF-8"?>
<testsuite xmlns:xsi="http://www.w3.org/2001/XMLSchema-instance" xsi:noNamespaceSchemaLocation="https://maven.apache.org/surefire/maven-surefire-plugin/xsd/surefire-test-report-3.0.xsd" version="3.0" name="Runners.TestRunner" time="12.11" tests="1" errors="0" skipped="0" failures="0">
  <properties>
[...]
</properties>
  <testcase name="User to launch a app and perform sum and sub action" classname="User to launch and work on calculator APK" time="11.189">
    <system-out><![CDATA[
Scenario: User to launch a app and perform sum and sub action # src/test/resources/features/Login.feature:3
Initializing LoginSteps..
Setting up Appium driver
Appium driver initialized successfullly
returning appium driver instance
Successfully app launched
  Given user to launch calculator app                         # StepDefinitions.LoginSteps.user_to_launch_calculator_app()
  When user perform addition with value "2" and "9"           # StepDefinitions.LoginSteps.user_perform_addition(java.lang.String,java.lang.String)
  And user to check equals                                    # StepDefinitions.LoginSteps.user_check_equalsbutton()
11
Qutting Appium driver..
Appium driver quit successfully
  Then user should get Addition output as "11"                # StepDefinitions.LoginSteps.user_additionOutput_Check(java.lang.String)
]]></system-out>
  </testcase>
</testsuite>